2022-11-21 10:09:59,207 [Worker-7: Loading available Gradle versions] INFO  o.e.b.c.i.u.g.PublishedGradleVersions - Gradle version information cache is out-of-date. Trying to update.
2022-11-21 13:27:57,158 [Worker-10: Loading available Gradle versions] INFO  o.e.b.c.i.u.g.PublishedGradleVersions - Gradle version information cache is up-to-date. Trying to read.
2022-11-22 09:05:37,155 [Worker-5: Loading available Gradle versions] INFO  o.e.b.c.i.u.g.PublishedGradleVersions - Gradle version information cache is up-to-date. Trying to read.
2022-11-22 09:30:15,314 [Worker-5: Loading available Gradle versions] INFO  o.e.b.c.i.u.g.PublishedGradleVersions - Gradle version information cache is up-to-date. Trying to read.
2022-11-22 09:33:35,318 [main] INFO  o.t.e.e.d.ProjectDependencyDialectLocator - Scanning for dialect help files on project dependencies
2022-11-22 09:33:35,610 [pool-6-thread-2] INFO  o.t.e.e.d.ProjectDependencyDialectLocator - Help file found: Java8Time.xml
2022-11-22 09:33:35,634 [pool-6-thread-4] INFO  o.t.e.e.d.ProjectDependencyDialectLocator - Help file found: Standard-Dialect.xml
2022-11-22 13:22:14,340 [Worker-4: Loading available Gradle versions] INFO  o.e.b.c.i.u.g.PublishedGradleVersions - Gradle version information cache is out-of-date. Trying to update.
2022-11-22 13:32:12,312 [main] INFO  o.t.e.e.d.ProjectDependencyDialectLocator - Scanning for dialect help files on project dependencies
2022-11-22 13:32:12,504 [pool-6-thread-2] INFO  o.t.e.e.d.ProjectDependencyDialectLocator - Help file found: Java8Time.xml
2022-11-22 13:32:12,506 [pool-6-thread-5] INFO  o.t.e.e.d.ProjectDependencyDialectLocator - Help file found: Standard-Dialect.xml
2022-11-22 14:16:06,389 [Worker-4: Loading available Gradle versions] INFO  o.e.b.c.i.u.g.PublishedGradleVersions - Gradle version information cache is up-to-date. Trying to read.
2022-11-22 14:16:15,239 [main] INFO  o.t.e.e.d.ProjectDependencyDialectLocator - Scanning for dialect help files on project dependencies
2022-11-22 14:16:15,434 [pool-6-thread-5] INFO  o.t.e.e.d.ProjectDependencyDialectLocator - Help file found: Java8Time.xml
2022-11-22 14:16:15,454 [pool-6-thread-6] INFO  o.t.e.e.d.ProjectDependencyDialectLocator - Help file found: Standard-Dialect.xml
2022-11-23 09:12:43,408 [Worker-1: Loading available Gradle versions] INFO  o.e.b.c.i.u.g.PublishedGradleVersions - Gradle version information cache is up-to-date. Trying to read.
2022-11-23 09:53:01,065 [main] INFO  o.t.e.e.d.ProjectDependencyDialectLocator - Scanning for dialect help files on project dependencies
2022-11-23 09:53:01,345 [pool-6-thread-1] INFO  o.t.e.e.d.ProjectDependencyDialectLocator - Help file found: Java8Time.xml
2022-11-23 09:53:01,352 [pool-6-thread-1] INFO  o.t.e.e.d.ProjectDependencyDialectLocator - Help file found: Standard-Dialect.xml
2022-11-23 11:25:02,934 [Worker-4: Loading available Gradle versions] INFO  o.e.b.c.i.u.g.PublishedGradleVersions - Gradle version information cache is up-to-date. Trying to read.
2022-11-23 11:43:56,989 [main] INFO  o.t.e.e.d.ProjectDependencyDialectLocator - Scanning for dialect help files on project dependencies
2022-11-23 11:43:57,228 [pool-6-thread-2] INFO  o.t.e.e.d.ProjectDependencyDialectLocator - Help file found: Java8Time.xml
2022-11-23 11:43:57,228 [pool-6-thread-5] INFO  o.t.e.e.d.ProjectDependencyDialectLocator - Help file found: Standard-Dialect.xml
2022-11-23 14:26:37,989 [main] INFO  o.t.e.e.d.ProjectDependencyDialectLocator - Scanning for dialect help files on project dependencies
2022-11-23 14:26:38,031 [pool-10-thread-5] INFO  o.t.e.e.d.ProjectDependencyDialectLocator - Help file found: Java8Time.xml
2022-11-23 14:26:38,031 [pool-10-thread-4] INFO  o.t.e.e.d.ProjectDependencyDialectLocator - Help file found: Standard-Dialect.xml
2022-11-24 20:27:13,701 [Worker-4: Loading available Gradle versions] INFO  o.e.b.c.i.u.g.PublishedGradleVersions - Gradle version information cache is out-of-date. Trying to update.
2022-11-25 09:15:55,398 [Worker-3: Loading available Gradle versions] INFO  o.e.b.c.i.u.g.PublishedGradleVersions - Gradle version information cache is up-to-date. Trying to read.
2022-11-25 09:30:38,993 [main] INFO  o.t.e.e.d.ProjectDependencyDialectLocator - Scanning for dialect help files on project dependencies
2022-11-25 09:30:39,217 [pool-10-thread-5] INFO  o.t.e.e.d.ProjectDependencyDialectLocator - Help file found: Standard-Dialect.xml
2022-11-25 09:30:39,218 [pool-10-thread-4] INFO  o.t.e.e.d.ProjectDependencyDialectLocator - Help file found: Java8Time.xml
2022-11-27 17:50:00,251 [Worker-7: Loading available Gradle versions] INFO  o.e.b.c.i.u.g.PublishedGradleVersions - Gradle version information cache is out-of-date. Trying to update.
2022-11-28 00:03:35,348 [Worker-7: Loading available Gradle versions] INFO  o.e.b.c.i.u.g.PublishedGradleVersions - Gradle version information cache is up-to-date. Trying to read.
2022-11-29 01:34:05,281 [Worker-3: Loading available Gradle versions] INFO  o.e.b.c.i.u.g.PublishedGradleVersions - Gradle version information cache is up-to-date. Trying to read.
2022-11-29 09:12:52,951 [Worker-1: Loading available Gradle versions] INFO  o.e.b.c.i.u.g.PublishedGradleVersions - Gradle version information cache is up-to-date. Trying to read.
2022-11-29 09:38:16,561 [main] INFO  o.t.e.e.d.ProjectDependencyDialectLocator - Scanning for dialect help files on project dependencies
2022-11-29 09:38:16,779 [pool-6-thread-4] INFO  o.t.e.e.d.ProjectDependencyDialectLocator - Help file found: Java8Time.xml
2022-11-29 09:38:16,798 [pool-6-thread-2] INFO  o.t.e.e.d.ProjectDependencyDialectLocator - Help file found: Standard-Dialect.xml
2022-11-29 17:58:59,804 [Worker-3: Loading available Gradle versions] INFO  o.e.b.c.i.u.g.PublishedGradleVersions - Gradle version information cache is up-to-date. Trying to read.
2022-11-30 09:13:23,263 [Worker-1: Loading available Gradle versions] INFO  o.e.b.c.i.u.g.PublishedGradleVersions - Gradle version information cache is out-of-date. Trying to update.
2022-11-30 09:52:26,341 [main] INFO  o.t.e.e.d.ProjectDependencyDialectLocator - Scanning for dialect help files on project dependencies
2022-11-30 09:52:26,628 [pool-6-thread-5] INFO  o.t.e.e.d.ProjectDependencyDialectLocator - Help file found: Java8Time.xml
2022-11-30 09:52:26,630 [pool-6-thread-3] INFO  o.t.e.e.d.ProjectDependencyDialectLocator - Help file found: Standard-Dialect.xml
2022-11-30 14:25:18,893 [main] INFO  o.t.e.e.d.ProjectDependencyDialectLocator - Scanning for dialect help files on project dependencies
2022-11-30 14:25:18,940 [pool-12-thread-1] INFO  o.t.e.e.d.ProjectDependencyDialectLocator - Help file found: Java8Time.xml
2022-11-30 14:25:18,942 [pool-12-thread-4] INFO  o.t.e.e.d.ProjectDependencyDialectLocator - Help file found: Standard-Dialect.xml
2022-12-01 09:15:30,976 [Worker-4: Loading available Gradle versions] INFO  o.e.b.c.i.u.g.PublishedGradleVersions - Gradle version information cache is out-of-date. Trying to update.
2022-12-02 09:26:24,863 [Worker-6: Loading available Gradle versions] INFO  o.e.b.c.i.u.g.PublishedGradleVersions - Gradle version information cache is out-of-date. Trying to update.
2022-12-02 10:18:07,028 [Start Help Server] INFO  org.eclipse.jetty.server.Server - jetty-10.0.11; built: 2022-06-21T21:12:44.640Z; git: d988aa016e0bb2de6fba84c1659049c72eae3e32; jvm 11.0.16+11-LTS-199
2022-12-02 10:18:07,069 [Start Help Server] INFO  o.e.j.s.s.DefaultSessionIdManager - Session workerName=node0
2022-12-02 10:18:07,108 [Start Help Server] INFO  o.e.j.server.handler.ContextHandler - Started o.e.j.s.ServletContextHandler@21f05f0a{/help,null,AVAILABLE}
2022-12-02 10:18:07,116 [Start Help Server] INFO  o.e.jetty.server.AbstractConnector - Started ServerConnector@45e94b86{HTTP/1.1, (http/1.1)}{127.0.0.1:14898}
2022-12-02 10:18:07,118 [Start Help Server] INFO  org.eclipse.jetty.server.Server - Started Server@480508d3{STARTING}[10.0.11,sto=0] @3127532ms
2022-12-03 04:35:51,914 [Stop Help Server] INFO  org.eclipse.jetty.server.Server - Stopped Server@480508d3{STOPPING}[10.0.11,sto=0]
2022-12-03 04:35:51,917 [Stop Help Server] INFO  o.e.jetty.server.AbstractConnector - Stopped ServerConnector@45e94b86{HTTP/1.1, (http/1.1)}{127.0.0.1:0}
2022-12-03 04:35:51,950 [Stop Help Server] INFO  o.e.j.server.handler.ContextHandler - Stopped o.e.j.s.ServletContextHandler@21f05f0a{/help,null,STOPPED}
2022-12-05 01:44:28,137 [Worker-5: Loading available Gradle versions] INFO  o.e.b.c.i.u.g.PublishedGradleVersions - Gradle version information cache is up-to-date. Trying to read.
2022-12-05 02:28:44,613 [Worker-6: Loading available Gradle versions] INFO  o.e.b.c.i.u.g.PublishedGradleVersions - Gradle version information cache is up-to-date. Trying to read.
2022-12-06 09:21:17,011 [Worker-4: Loading available Gradle versions] INFO  o.e.b.c.i.u.g.PublishedGradleVersions - Gradle version information cache is up-to-date. Trying to read.
2022-12-06 14:41:28,862 [main] INFO  o.t.e.e.d.ProjectDependencyDialectLocator - Scanning for dialect help files on project dependencies
2022-12-06 14:41:29,078 [pool-14-thread-5] INFO  o.t.e.e.d.ProjectDependencyDialectLocator - Help file found: Java8Time.xml
2022-12-06 14:41:29,079 [pool-14-thread-3] INFO  o.t.e.e.d.ProjectDependencyDialectLocator - Help file found: Standard-Dialect.xml
2022-12-06 15:51:21,547 [main] INFO  o.t.e.e.d.ProjectDependencyDialectLocator - Scanning for dialect help files on project dependencies
2022-12-06 15:51:21,581 [pool-16-thread-5] INFO  o.t.e.e.d.ProjectDependencyDialectLocator - Help file found: Java8Time.xml
2022-12-06 15:51:21,583 [pool-16-thread-5] INFO  o.t.e.e.d.ProjectDependencyDialectLocator - Help file found: Standard-Dialect.xml
2022-12-07 09:39:07,022 [Worker-1: Loading available Gradle versions] INFO  o.e.b.c.i.u.g.PublishedGradleVersions - Gradle version information cache is out-of-date. Trying to update.
2022-12-07 10:07:15,167 [Worker-8: Loading available Gradle versions] INFO  o.e.b.c.i.u.g.PublishedGradleVersions - Gradle version information cache is up-to-date. Trying to read.
2022-12-08 09:16:26,503 [Worker-7: Loading available Gradle versions] INFO  o.e.b.c.i.u.g.PublishedGradleVersions - Gradle version information cache is up-to-date. Trying to read.
2022-12-09 09:29:27,689 [Worker-5: Loading available Gradle versions] INFO  o.e.b.c.i.u.g.PublishedGradleVersions - Gradle version information cache is up-to-date. Trying to read.
2022-12-11 20:55:13,419 [Worker-1: Loading available Gradle versions] INFO  o.e.b.c.i.u.g.PublishedGradleVersions - Gradle version information cache is out-of-date. Trying to update.
2022-12-11 21:09:53,063 [Worker-28: https://ftp.jaist.ac.jp/pub/eclipse/releases/2022-12/202212071000/plugins/org.eclipse.ui.themes_1.2.2100.v20221024-2137.jar] INFO  o.a.h.c.h.i.c.HttpRequestRetryExec - Recoverable I/O exception (org.apache.hc.core5.http.NoHttpResponseException) caught when processing request to {s}->https://ftp.jaist.ac.jp:443
2022-12-11 21:16:45,292 [Worker-5: Loading available Gradle versions] INFO  o.e.b.c.i.u.g.PublishedGradleVersions - Gradle version information cache is up-to-date. Trying to read.
2022-12-11 21:23:46,719 [main] INFO  o.t.e.e.d.ProjectDependencyDialectLocator - Scanning for dialect help files on project dependencies
2022-12-11 21:23:47,043 [pool-6-thread-4] INFO  o.t.e.e.d.ProjectDependencyDialectLocator - Help file found: Java8Time.xml
2022-12-11 21:23:47,074 [pool-6-thread-1] INFO  o.t.e.e.d.ProjectDependencyDialectLocator - Help file found: Standard-Dialect.xml
